[Licensing::Module] Trying to connect to existing licensing client channel...
Built from '6000.3/staging' branch; Version is '6000.3.8f1 (1c7db571dde0) revision 1867189'; Using compiler version '194234433'; Build Type 'Release'
OS: 'Windows 11  (10.0.26200) Core' Language: 'pt' Physical Memory: 32616 MB
[Licensing::IpcConnector] Successfully connected to: "LicenseClient-Branco" at "2026-07-11T18:47:55.4541466Z"
BatchMode: 1, IsHumanControllingUs: 0, StartBugReporterOnCrash: 0, Is64bit: 1
System  architecture: x64
Process architecture: x64
Date: 2026-07-11T18:47:55Z

COMMAND LINE ARGUMENTS:
C:\Program Files\Unity\Hub\Editor\6000.3.8f1\Editor\Unity.exe
-adb2
-batchMode
-noUpm
-name
AssetImportWorker3
-projectPath
C:/Users/Branco/Documents/GitHub/Games/CardExample-Unity
-logFile
Logs/AssetImportWorker3.log
-srvPort
51546
-licensingIpc
LicenseClient-Branco
-job-worker-count
7
-background-job-worker-count
8
-gc-helper-count
1
-name
AssetImport
Successfully changed project path to: C:/Users/Branco/Documents/GitHub/Games/CardExample-Unity
C:/Users/Branco/Documents/GitHub/Games/CardExample-Unity
[UnityMemory] Configuration Parameters - Can be set up in boot.config
    "memorysetup-temp-allocator-size-nav-mesh-worker=65536"
    "memorysetup-temp-allocator-size-audio-worker=65536"
    "memorysetup-temp-allocator-size-gfx=262144"
    "memorysetup-allocator-temp-initial-block-size-main=262144"
    "memorysetup-allocator-temp-initial-block-size-worker=262144"
    "memorysetup-temp-allocator-size-background-worker=32768"
    "memorysetup-temp-allocator-size-job-worker=262144"
    "memorysetup-temp-allocator-size-preload-manager=33554432"
    "memorysetup-temp-allocator-size-gi-baking-worker=262144"
    "memorysetup-temp-allocator-size-gi-baking-worker=262144"
    "memorysetup-temp-allocator-size-gi-baking-worker=262144"
    "memorysetup-temp-allocator-size-gi-baking-worker=262144"
    "memorysetup-temp-allocator-size-gi-baking-worker=262144"
    "memorysetup-bucket-allocator-granularity=16"
    "memorysetup-bucket-allocator-bucket-count=8"
    "memorysetup-bucket-allocator-block-size=33554432"
    "memorysetup-bucket-allocator-block-count=8"
    "memorysetup-main-allocator-block-size=16777216"
    "memorysetup-thread-allocator-block-size=16777216"
    "memorysetup-gfx-main-allocator-block-size=16777216"
    "memorysetup-gfx-thread-allocator-block-size=16777216"
    "memorysetup-cache-allocator-block-size=4194304"
    "memorysetup-typetree-allocator-block-size=2097152"
    "memorysetup-profiler-bucket-allocator-granularity=16"
    "memorysetup-profiler-bucket-allocator-bucket-count=8"
    "memorysetup-profiler-bucket-allocator-block-size=33554432"
    "memorysetup-profiler-bucket-allocator-block-count=8"
    "memorysetup-profiler-allocator-block-size=16777216"
    "memorysetup-profiler-editor-allocator-block-size=1048576"
    "memorysetup-temp-allocator-size-main=16777216"
    "memorysetup-job-temp-allocator-block-size=2097152"
    "memorysetup-job-temp-allocator-block-size-background=1048576"
    "memorysetup-job-temp-allocator-reduction-small-platforms=262144"
    "memorysetup-temp-allocator-size-cloud-worker=32768"
Player connection [9004]  Target information:

Player connection [9004]  * "[IP] 26.183.54.23 [Port] 0 [Flags] 2 [Guid] 4105368216 [EditorId] 4105368216 [Version] 1048832 [Id] WindowsEditor(7,DESKTOP-KHKFPCD) [Debug] 1 [PackageName] WindowsEditor [ProjectName] Editor" 

Player connection [9004]  * "[IP] 192.168.1.120 [Port] 0 [Flags] 2 [Guid] 4105368216 [EditorId] 4105368216 [Version] 1048832 [Id] WindowsEditor(7,DESKTOP-KHKFPCD) [Debug] 1 [PackageName] WindowsEditor [ProjectName] Editor" 

Player connection [9004] Host joined multi-casting on [225.0.0.222:54997]...
Player connection [9004] Host joined alternative multi-casting on [225.0.0.222:34997]...
JobSystem: Creating JobQueue using job-worker-count value 7
Input System module state changed to: Initialized.
[Physics::Module] Initialized fallback backend.
[Physics::Module] Id: 0xdecafbad
Library Redirect Path: Library/
[Physics::Module] Selected backend.
[Physics::Module] Name: PhysX
[Physics::Module] Id: 0xf2b8ea05
[Physics::Module] SDK Version: 4.1.2
[Physics::Module] Integration Version: 1.0.0
[Physics::Module] Threading Mode: Multi-Threaded
Refreshing native plugins compatible for Editor in 4.92 ms, found 2 plugins.
Preloading 0 native plugins for Editor in 0.00 ms.
Initialize engine version: 6000.3.8f1 (1c7db571dde0)
[Subsystems] Discovering subsystems at path C:/Program Files/Unity/Hub/Editor/6000.3.8f1/Editor/Data/Resources/UnitySubsystems
[Subsystems] Discovering subsystems at path C:/Users/Branco/Documents/GitHub/Games/CardExample-Unity/Assets
GfxDevice: creating device client; kGfxThreadingModeNonThreaded
Direct3D:
    Version:  Direct3D 11.0 [level 11.1]
    Renderer: NVIDIA GeForce RTX 4060 (ID=0x2882)
    Vendor:   NVIDIA
    VRAM:     7957 MB
    Driver:   32.0.15.8142
Initialize mono
Mono path[0] = 'C:/Program Files/Unity/Hub/Editor/6000.3.8f1/Editor/Data/Managed'
Mono path[1] = 'C:/Program Files/Unity/Hub/Editor/6000.3.8f1/Editor/Data/MonoBleedingEdge/lib/mono/unityjit-win32'
Mono config path = 'C:/Program Files/Unity/Hub/Editor/6000.3.8f1/Editor/Data/MonoBleedingEdge/etc'
Using monoOptions --debugger-agent=transport=dt_socket,embedding=1,server=y,suspend=n,address=127.0.0.1:56512
Begin MonoManager ReloadAssembly
Registering precompiled unity dll's ...
Register platform support module: C:/Program Files/Unity/Hub/Editor/6000.3.8f1/Editor/Data/PlaybackEngines/MacStandaloneSupport/UnityEditor.OSXStandalone.Extensions.dll
Register platform support module: C:/Program Files/Unity/Hub/Editor/6000.3.8f1/Editor/Data/PlaybackEngines/WindowsStandaloneSupport/UnityEditor.WindowsStandalone.Extensions.dll
Registered in 0.002609 seconds.
- Loaded All Assemblies, in  0.520 seconds
Native extension for WindowsStandalone target not found
Native extension for OSXStandalone target not found
ScheduleIndexationOnStartup MainProcess:False IndexOnStartup:True
Mono: successfully reloaded assembly
- Finished resetting the current domain, in  0.523 seconds
Domain Reload Profiling: 1039ms
	BeginReloadAssembly (167ms)
		ExecutionOrderSort (0ms)
		DisableScriptedObjects (0ms)
		BackupInstance (0ms)
		ReleaseScriptingObjects (0ms)
		CreateAndSetChildDomain (1ms)
	RebuildCommonClasses (50ms)
	RebuildNativeTypeToScriptingClass (18ms)
	initialDomainReloadingComplete (57ms)
	LoadAllAssembliesAndSetupDomain (224ms)
		LoadAssemblies (162ms)
		RebuildTransferFunctionScriptingTraits (0ms)
		AnalyzeDomain (222ms)
			TypeCache.Refresh (219ms)
				TypeCache.ScanAssembly (203ms)
			BuildScriptInfoCaches (0ms)
			ResolveRequiredComponents (1ms)
	FinalizeReload (523ms)
		ReleaseScriptCaches (0ms)
		RebuildScriptCaches (0ms)
		SetupLoadedEditorAssemblies (473ms)
			LogAssemblyErrors (0ms)
			InitializePlatformSupportModulesInManaged (67ms)
			SetLoadedEditorAssemblies (5ms)
			BeforeProcessingInitializeOnLoad (116ms)
			ProcessInitializeOnLoadAttributes (198ms)
			ProcessInitializeOnLoadMethodAttributes (86ms)
			AfterProcessingInitializeOnLoad (0ms)
			EditorAssembliesLoaded (0ms)
		ExecutionOrderSort2 (0ms)
		AwakeInstancesAfterBackupRestoration (0ms)
========================================================================
Worker process is ready to serve import requests
Import Worker Mode flag is 0x00
Begin MonoManager ReloadAssembly
[Licensing::Module] Licensing is not yet initialized.
[Licensing::Client] Handshaking with LicensingClient:
  Version:                 1.17.4+4293ba1
  Session Id:              85a4026176924fb3a00e28031998d589
  Correlation Id:          96d1b53e62d8a771b789f2d42c350893
  External correlation Id: 252328736212122607
  Machine Id:              5wtt+J/W5NTIQh+YRv+q72ZVxU4=
[Licensing::Module] Successfully connected to LicensingClient on channel: "LicenseClient-Branco" (connect: 0.00s, validation: 0.00s, handshake: 2.31s)
[Licensing::IpcConnector] Successfully connected to: "LicenseClient-Branco-notifications" at "2026-07-11T18:47:57.7691154Z"
[Licensing::Module] Licensing Background thread has ended after 2.32s
[Licensing::Module] Licensing is initialized (took 0.41s).
[Licensing::Client] Successfully resolved entitlement details
[Licensing::Module] License group:
  Id: F4-7BWK-FAVY-Y6BM-CXSS-XXXX
  Product: Unity Personal
  Type: ULF
  Expiration: Unlimited
[Licensing::Module] License group:
  Id: 4673032372007-UnityPersXXXX
  Product: Unity Personal
  Type: Assigned
  Expiration: Unlimited
Symbol file LoadedFromMemory is not a mono symbol file
- Loaded All Assemblies, in  4.658 seconds
Refreshing native plugins compatible for Editor in 3.52 ms, found 2 plugins.
Native extension for WindowsStandalone target not found
Native extension for OSXStandalone target not found
Refreshing native plugins compatible for Editor in 3.34 ms, found 2 plugins.
Package Manager log level set to [2]
[Package Manager] Failed to launch server process. Reason: Unity was launched with the -noUpm command-line argument
[Package Manager] Unable to send message (not connected to server process).
[Package Manager] Cannot connect to Unity Package Manager local server
Assertion failed on expression: '!AssetDatabase::IsAssetImportWorkerProcess()'
UnityEngine.Debug:ExtractStackTraceNoAlloc (byte*,int,string)
UnityEngine.StackTraceUtility:ExtractStackTrace ()
UnityEditor.AssetDatabase:ImportAsset (string,UnityEditor.ImportAssetOptions)
Google.VersionHandler:EnableEditorPlugin (string) (at /Users/runner/work/Mobile-Dependency-Resolver/Mobile-Dependency-Resolver/source/VersionHandler/src/VersionHandler.cs:223)
Google.VersionHandler:BootStrap () (at /Users/runner/work/Mobile-Dependency-Resolver/Mobile-Dependency-Resolver/source/VersionHandler/src/VersionHandler.cs:199)
Google.VersionHandler:get_BootStrappedImpl () (at /Users/runner/work/Mobile-Dependency-Resolver/Mobile-Dependency-Resolver/source/VersionHandler/src/VersionHandler.cs:63)
Google.VersionHandler:InvokeImplMethod (string,object[],System.Collections.Generic.Dictionary`2<string, object>,bool) (at /Users/runner/work/Mobile-Dependency-Resolver/Mobile-Dependency-Resolver/source/VersionHandler/src/VersionHandler.cs:412)
Google.VersionHandler:GetUnityVersionMajorMinor () (at /Users/runner/work/Mobile-Dependency-Resolver/Mobile-Dependency-Resolver/source/VersionHandler/src/VersionHandler.cs:400)
Google.VersionHandler:.cctor () (at /Users/runner/work/Mobile-Dependency-Resolver/Mobile-Dependency-Resolver/source/VersionHandler/src/VersionHandler.cs:123)
System.Runtime.CompilerServices.RuntimeHelpers:RunClassConstructor (System.RuntimeTypeHandle)
UnityEditor.EditorAssemblies:ProcessInitializeOnLoadAttributes (System.Type[])

[/Users/runner/work/Mobile-Dependency-Resolver/Mobile-Dependency-Resolver/source/VersionHandler/src/VersionHandler.cs line 223]

Refresh completed but there are assets queued up for importing. Check for code that modifies assets which gets called after OnPostProcessAllAssets. Additional details in Log file
UnityEngine.Debug:ExtractStackTraceNoAlloc (byte*,int,string)
UnityEngine.StackTraceUtility:ExtractStackTrace ()
UnityEditor.AssetDatabase:ImportAsset (string,UnityEditor.ImportAssetOptions)
Google.VersionHandler:EnableEditorPlugin (string) (at /Users/runner/work/Mobile-Dependency-Resolver/Mobile-Dependency-Resolver/source/VersionHandler/src/VersionHandler.cs:223)
Google.VersionHandler:BootStrap () (at /Users/runner/work/Mobile-Dependency-Resolver/Mobile-Dependency-Resolver/source/VersionHandler/src/VersionHandler.cs:199)
Google.VersionHandler:get_BootStrappedImpl () (at /Users/runner/work/Mobile-Dependency-Resolver/Mobile-Dependency-Resolver/source/VersionHandler/src/VersionHandler.cs:63)
Google.VersionHandler:InvokeImplMethod (string,object[],System.Collections.Generic.Dictionary`2<string, object>,bool) (at /Users/runner/work/Mobile-Dependency-Resolver/Mobile-Dependency-Resolver/source/VersionHandler/src/VersionHandler.cs:412)
Google.VersionHandler:GetUnityVersionMajorMinor () (at /Users/runner/work/Mobile-Dependency-Resolver/Mobile-Dependency-Resolver/source/VersionHandler/src/VersionHandler.cs:400)
Google.VersionHandler:.cctor () (at /Users/runner/work/Mobile-Dependency-Resolver/Mobile-Dependency-Resolver/source/VersionHandler/src/VersionHandler.cs:123)
System.Runtime.CompilerServices.RuntimeHelpers:RunClassConstructor (System.RuntimeTypeHandle)
UnityEditor.EditorAssemblies:ProcessInitializeOnLoadAttributes (System.Type[])

[/Users/runner/work/Mobile-Dependency-Resolver/Mobile-Dependency-Resolver/source/VersionHandler/src/VersionHandler.cs line 223]

Assets queued for import after Refresh completed:
	Assets/MobileDependencyResolver/Editor/1.2.185/Google.VersionHandlerImpl.dll
Asset Pipeline Refresh (id=c5a7a740d3b870c4b82a7e3ce10c3aa6): Total: 0.001 seconds - Initiated by StopAssetImportingV2(NoUpdateAssetOptions)
Assertion failed on expression: 'm_Ptr'
UnityEngine.Debug:ExtractStackTraceNoAlloc (byte*,int,string)
UnityEngine.StackTraceUtility:ExtractStackTrace ()
UnityEditor.AssetDatabase:ImportAsset (string,UnityEditor.ImportAssetOptions)
Google.VersionHandler:EnableEditorPlugin (string) (at /Users/runner/work/Mobile-Dependency-Resolver/Mobile-Dependency-Resolver/source/VersionHandler/src/VersionHandler.cs:223)
Google.VersionHandler:BootStrap () (at /Users/runner/work/Mobile-Dependency-Resolver/Mobile-Dependency-Resolver/source/VersionHandler/src/VersionHandler.cs:199)
Google.VersionHandler:get_BootStrappedImpl () (at /Users/runner/work/Mobile-Dependency-Resolver/Mobile-Dependency-Resolver/source/VersionHandler/src/VersionHandler.cs:63)
Google.VersionHandler:InvokeImplMethod (string,object[],System.Collections.Generic.Dictionary`2<string, object>,bool) (at /Users/runner/work/Mobile-Dependency-Resolver/Mobile-Dependency-Resolver/source/VersionHandler/src/VersionHandler.cs:412)
Google.VersionHandler:GetUnityVersionMajorMinor () (at /Users/runner/work/Mobile-Dependency-Resolver/Mobile-Dependency-Resolver/source/VersionHandler/src/VersionHandler.cs:400)
Google.VersionHandler:.cctor () (at /Users/runner/work/Mobile-Dependency-Resolver/Mobile-Dependency-Resolver/source/VersionHandler/src/VersionHandler.cs:123)
System.Runtime.CompilerServices.RuntimeHelpers:RunClassConstructor (System.RuntimeTypeHandle)
UnityEditor.EditorAssemblies:ProcessInitializeOnLoadAttributes (System.Type[])

[/Users/runner/work/Mobile-Dependency-Resolver/Mobile-Dependency-Resolver/source/VersionHandler/src/VersionHandler.cs line 223]

ScheduleIndexationOnStartup MainProcess:False IndexOnStartup:True
Mono: successfully reloaded assembly
- Finished resetting the current domain, in  0.671 seconds
Domain Reload Profiling: 5325ms
	BeginReloadAssembly (578ms)
		ExecutionOrderSort (0ms)
		DisableScriptedObjects (6ms)
		BackupInstance (0ms)
		ReleaseScriptingObjects (0ms)
		CreateAndSetChildDomain (29ms)
	RebuildCommonClasses (34ms)
	RebuildNativeTypeToScriptingClass (11ms)
	initialDomainReloadingComplete (34ms)
	LoadAllAssembliesAndSetupDomain (3996ms)
		LoadAssemblies (3968ms)
		RebuildTransferFunctionScriptingTraits (0ms)
		AnalyzeDomain (122ms)
			TypeCache.Refresh (85ms)
				TypeCache.ScanAssembly (73ms)
			BuildScriptInfoCaches (31ms)
			ResolveRequiredComponents (3ms)
	FinalizeReload (671ms)
		ReleaseScriptCaches (0ms)
		RebuildScriptCaches (0ms)
		SetupLoadedEditorAssemblies (576ms)
			LogAssemblyErrors (0ms)
			InitializePlatformSupportModulesInManaged (2ms)
			SetLoadedEditorAssemblies (3ms)
			BeforeProcessingInitializeOnLoad (137ms)
			ProcessInitializeOnLoadAttributes (263ms)
			ProcessInitializeOnLoadMethodAttributes (165ms)
			AfterProcessingInitializeOnLoad (5ms)
			EditorAssembliesLoaded (0ms)
		ExecutionOrderSort2 (0ms)
		AwakeInstancesAfterBackupRestoration (5ms)
Launched and connected shader compiler UnityShaderCompiler.exe after 0.02 seconds
Refreshing native plugins compatible for Editor in 4.73 ms, found 2 plugins.
Preloading 0 native plugins for Editor in 0.00 ms.
Unloading 0 Unused Serialized files (Serialized files now loaded: 0)
Unloading 2950 unused Assets / (1.0 MB). Loaded Objects now: 3510.
Memory consumption went from 88.9 MB to 87.9 MB.
Total: 8.150300 ms (FindLiveObjects: 0.220800 ms CreateObjectMapping: 0.156500 ms MarkObjects: 7.172300 ms  DeleteObjects: 0.599900 ms)

========================================================================
Received Import Request.
  Time since last request: 15265.443707 seconds.
  path: Assets/MobileDependencyResolver/Editor/1.2.185/Google.VersionHandlerImpl.dll
  artifactKey: Guid(e2831157d94e4d15998dcb6ad1418057) Importer(2089858483,b0f066a214c2f5e87bad3c948f4d605d)
Start importing Assets/MobileDependencyResolver/Editor/1.2.185/Google.VersionHandlerImpl.dll using Guid(e2831157d94e4d15998dcb6ad1418057) Importer(2089858483,b0f066a214c2f5e87bad3c948f4d605d) (ScriptedImporter) -> (artifact id: '09ed28adcab851ad188aff41cd90674b') in 0.0477347 seconds
Number of updated asset objects reloaded before import = 0Number of asset objects unloaded after import = 0

========================================================================
Received Import Request.
  Time since last request: 0.000017 seconds.
  path: Assets/MobileDependencyResolver/Editor/1.2.185/Google.JarResolver.dll
  artifactKey: Guid(459f2b4255ec498caed1c0aeb1bf03a0) Importer(2089858483,b0f066a214c2f5e87bad3c948f4d605d)
Start importing Assets/MobileDependencyResolver/Editor/1.2.185/Google.JarResolver.dll using Guid(459f2b4255ec498caed1c0aeb1bf03a0) Importer(2089858483,b0f066a214c2f5e87bad3c948f4d605d) (ScriptedImporter) -> (artifact id: 'f29affdbef31c3d747f977351129c864') in 0.0442782 seconds
Number of updated asset objects reloaded before import = 0Number of asset objects unloaded after import = 0

========================================================================
Received Import Request.
  Time since last request: 0.000039 seconds.
  path: Assets/MobileDependencyResolver/Editor/1.2.185/Google.IOSResolver.dll
  artifactKey: Guid(a1a3cd348b3c4bbc82b68b73893f222a) Importer(2089858483,b0f066a214c2f5e87bad3c948f4d605d)
Start importing Assets/MobileDependencyResolver/Editor/1.2.185/Google.IOSResolver.dll using Guid(a1a3cd348b3c4bbc82b68b73893f222a) Importer(2089858483,b0f066a214c2f5e87bad3c948f4d605d) (ScriptedImporter) -> (artifact id: '58b9bd50efabea000e86308c740b6515') in 0.0150996 seconds
Number of updated asset objects reloaded before import = 0Number of asset objects unloaded after import = 0

========================================================================
Received Prepare
Refreshing native plugins compatible for Editor in 19.87 ms, found 2 plugins.
Preloading 0 native plugins for Editor in 0.00 ms.
Unloading 0 Unused Serialized files (Serialized files now loaded: 0)
Unloading 3645 unused Assets / (1.3 MB). Loaded Objects now: 4237.
Memory consumption went from 90.2 MB to 88.9 MB.
Total: 39.784100 ms (FindLiveObjects: 1.152400 ms CreateObjectMapping: 0.321500 ms MarkObjects: 36.610800 ms  DeleteObjects: 1.698000 ms)

Prepare: number of updated asset objects reloaded= 0
Editor requested this worker to shutdown with reason: Scaling down because of idle timeout
AssetImportWorkerClient::OnTransportError - code=2 error=End of file
AssetImportWorker is now disconnected from the server
Process exiting
Exiting without the bug reporter. Application will terminate with return code 0