[Licensing::Module] Trying to connect to existing licensing client channel...
Built from '6000.3/staging' branch; Version is '6000.3.8f1 (1c7db571dde0) revision 1867189'; Using compiler version '194234433'; Build Type 'Release'
OS: 'Windows 11  (10.0.26200) Core' Language: 'pt' Physical Memory: 32616 MB
[Licensing::IpcConnector] Successfully connected to: "LicenseClient-Branco" at "2026-07-11T18:26:07.0407622Z"
BatchMode: 1, IsHumanControllingUs: 0, StartBugReporterOnCrash: 0, Is64bit: 1
System  architecture: x64
Process architecture: x64
Date: 2026-07-11T18:26:07Z

COMMAND LINE ARGUMENTS:
C:\Program Files\Unity\Hub\Editor\6000.3.8f1\Editor\Unity.exe
-adb2
-batchMode
-noUpm
-name
AssetImportWorker0
-projectPath
C:/Users/Branco/Documents/GitHub/Games/CardExample-Unity
-logFile
Logs/AssetImportWorker0.log
-srvPort
50920
-licensingIpc
LicenseClient-Branco
-job-worker-count
7
-background-job-worker-count
8
-gc-helper-count
1
-name
AssetImport
Successfully changed project path to: C:/Users/Branco/Documents/GitHub/Games/CardExample-Unity
C:/Users/Branco/Documents/GitHub/Games/CardExample-Unity
[UnityMemory] Configuration Parameters - Can be set up in boot.config
    "memorysetup-temp-allocator-size-nav-mesh-worker=65536"
    "memorysetup-temp-allocator-size-audio-worker=65536"
    "memorysetup-temp-allocator-size-gfx=262144"
    "memorysetup-allocator-temp-initial-block-size-main=262144"
    "memorysetup-allocator-temp-initial-block-size-worker=262144"
    "memorysetup-temp-allocator-size-background-worker=32768"
    "memorysetup-temp-allocator-size-job-worker=262144"
    "memorysetup-temp-allocator-size-preload-manager=33554432"
    "memorysetup-temp-allocator-size-gi-baking-worker=262144"
    "memorysetup-temp-allocator-size-gi-baking-worker=262144"
    "memorysetup-temp-allocator-size-gi-baking-worker=262144"
    "memorysetup-temp-allocator-size-gi-baking-worker=262144"
    "memorysetup-temp-allocator-size-gi-baking-worker=262144"
    "memorysetup-bucket-allocator-granularity=16"
    "memorysetup-bucket-allocator-bucket-count=8"
    "memorysetup-bucket-allocator-block-size=33554432"
    "memorysetup-bucket-allocator-block-count=8"
    "memorysetup-main-allocator-block-size=16777216"
    "memorysetup-thread-allocator-block-size=16777216"
    "memorysetup-gfx-main-allocator-block-size=16777216"
    "memorysetup-gfx-thread-allocator-block-size=16777216"
    "memorysetup-cache-allocator-block-size=4194304"
    "memorysetup-typetree-allocator-block-size=2097152"
    "memorysetup-profiler-bucket-allocator-granularity=16"
    "memorysetup-profiler-bucket-allocator-bucket-count=8"
    "memorysetup-profiler-bucket-allocator-block-size=33554432"
    "memorysetup-profiler-bucket-allocator-block-count=8"
    "memorysetup-profiler-allocator-block-size=16777216"
    "memorysetup-profiler-editor-allocator-block-size=1048576"
    "memorysetup-temp-allocator-size-main=16777216"
    "memorysetup-job-temp-allocator-block-size=2097152"
    "memorysetup-job-temp-allocator-block-size-background=1048576"
    "memorysetup-job-temp-allocator-reduction-small-platforms=262144"
    "memorysetup-temp-allocator-size-cloud-worker=32768"
Player connection [4516]  Target information:

Player connection [4516]  * "[IP] 26.183.54.23 [Port] 0 [Flags] 2 [Guid] 3916523923 [EditorId] 3916523923 [Version] 1048832 [Id] WindowsEditor(7,DESKTOP-KHKFPCD) [Debug] 1 [PackageName] WindowsEditor [ProjectName] Editor" 

Player connection [4516]  * "[IP] 192.168.1.120 [Port] 0 [Flags] 2 [Guid] 3916523923 [EditorId] 3916523923 [Version] 1048832 [Id] WindowsEditor(7,DESKTOP-KHKFPCD) [Debug] 1 [PackageName] WindowsEditor [ProjectName] Editor" 

Player connection [4516] Host joined multi-casting on [225.0.0.222:54997]...
Player connection [4516] Host joined alternative multi-casting on [225.0.0.222:34997]...
JobSystem: Creating JobQueue using job-worker-count value 7
Input System module state changed to: Initialized.
[Physics::Module] Initialized fallback backend.
[Physics::Module] Id: 0xdecafbad
Library Redirect Path: Library/
[Physics::Module] Selected backend.
[Physics::Module] Name: PhysX
[Physics::Module] Id: 0xf2b8ea05
[Physics::Module] SDK Version: 4.1.2
[Physics::Module] Integration Version: 1.0.0
[Physics::Module] Threading Mode: Multi-Threaded
Refreshing native plugins compatible for Editor in 0.00 ms, found 0 plugins.
Preloading 0 native plugins for Editor in 0.00 ms.
Initialize engine version: 6000.3.8f1 (1c7db571dde0)
[Subsystems] Discovering subsystems at path C:/Program Files/Unity/Hub/Editor/6000.3.8f1/Editor/Data/Resources/UnitySubsystems
[Subsystems] Discovering subsystems at path C:/Users/Branco/Documents/GitHub/Games/CardExample-Unity/Assets
GfxDevice: creating device client; kGfxThreadingModeNonThreaded
Direct3D:
    Version:  Direct3D 11.0 [level 11.1]
    Renderer: NVIDIA GeForce RTX 4060 (ID=0x2882)
    Vendor:   NVIDIA
    VRAM:     7957 MB
    Driver:   32.0.15.8142
Initialize mono
Mono path[0] = 'C:/Program Files/Unity/Hub/Editor/6000.3.8f1/Editor/Data/Managed'
Mono path[1] = 'C:/Program Files/Unity/Hub/Editor/6000.3.8f1/Editor/Data/MonoBleedingEdge/lib/mono/unityjit-win32'
Mono config path = 'C:/Program Files/Unity/Hub/Editor/6000.3.8f1/Editor/Data/MonoBleedingEdge/etc'
Using monoOptions --debugger-agent=transport=dt_socket,embedding=1,server=y,suspend=n,address=127.0.0.1:56912
Begin MonoManager ReloadAssembly
Registering precompiled unity dll's ...
Register platform support module: C:/Program Files/Unity/Hub/Editor/6000.3.8f1/Editor/Data/PlaybackEngines/WindowsStandaloneSupport/UnityEditor.WindowsStandalone.Extensions.dll
Registered in 0.001550 seconds.
- Loaded All Assemblies, in  0.345 seconds
Native extension for WindowsStandalone target not found
ScheduleIndexationOnStartup MainProcess:False IndexOnStartup:True
Mono: successfully reloaded assembly
- Finished resetting the current domain, in  0.368 seconds
Domain Reload Profiling: 711ms
	BeginReloadAssembly (112ms)
		ExecutionOrderSort (0ms)
		DisableScriptedObjects (0ms)
		BackupInstance (0ms)
		ReleaseScriptingObjects (0ms)
		CreateAndSetChildDomain (1ms)
	RebuildCommonClasses (32ms)
	RebuildNativeTypeToScriptingClass (11ms)
	initialDomainReloadingComplete (40ms)
	LoadAllAssembliesAndSetupDomain (148ms)
		LoadAssemblies (109ms)
		RebuildTransferFunctionScriptingTraits (0ms)
		AnalyzeDomain (146ms)
			TypeCache.Refresh (144ms)
				TypeCache.ScanAssembly (132ms)
			BuildScriptInfoCaches (0ms)
			ResolveRequiredComponents (0ms)
	FinalizeReload (368ms)
		ReleaseScriptCaches (0ms)
		RebuildScriptCaches (0ms)
		SetupLoadedEditorAssemblies (337ms)
			LogAssemblyErrors (0ms)
			InitializePlatformSupportModulesInManaged (45ms)
			SetLoadedEditorAssemblies (3ms)
			BeforeProcessingInitializeOnLoad (75ms)
			ProcessInitializeOnLoadAttributes (152ms)
			ProcessInitializeOnLoadMethodAttributes (63ms)
			AfterProcessingInitializeOnLoad (0ms)
			EditorAssembliesLoaded (0ms)
		ExecutionOrderSort2 (0ms)
		AwakeInstancesAfterBackupRestoration (0ms)
========================================================================
Worker process is ready to serve import requests
Import Worker Mode flag is 0x00
Begin MonoManager ReloadAssembly
[Licensing::Module] Licensing is not yet initialized.
[Licensing::Client] Handshaking with LicensingClient:
  Version:                 1.17.4+4293ba1
  Session Id:              2eac9097f7b148d580baf1b5e004aea6
  Correlation Id:          96d1b53e62d8a771b789f2d42c350893
  External correlation Id: 9184058527513067630
  Machine Id:              5wtt+J/W5NTIQh+YRv+q72ZVxU4=
[Licensing::Module] Successfully connected to LicensingClient on channel: "LicenseClient-Branco" (connect: 0.00s, validation: 0.00s, handshake: 1.83s)
[Licensing::IpcConnector] Successfully connected to: "LicenseClient-Branco-notifications" at "2026-07-11T18:26:08.8689376Z"
[Licensing::Module] Licensing Background thread has ended after 1.83s
[Licensing::Module] Licensing is initialized (took 0.63s).
[Licensing::Client] Successfully resolved entitlement details
[Licensing::Module] License group:
  Id: F4-7BWK-FAVY-Y6BM-CXSS-XXXX
  Product: Unity Personal
  Type: ULF
  Expiration: Unlimited
[Licensing::Module] License group:
  Id: 4673032372007-UnityPersXXXX
  Product: Unity Personal
  Type: Assigned
  Expiration: Unlimited
- Loaded All Assemblies, in  0.858 seconds
Refreshing native plugins compatible for Editor in 0.00 ms, found 0 plugins.
Native extension for WindowsStandalone target not found
ScheduleIndexationOnStartup MainProcess:False IndexOnStartup:True
Mono: successfully reloaded assembly
- Finished resetting the current domain, in  0.330 seconds
Domain Reload Profiling: 1185ms
	BeginReloadAssembly (782ms)
		ExecutionOrderSort (0ms)
		DisableScriptedObjects (5ms)
		BackupInstance (0ms)
		ReleaseScriptingObjects (0ms)
		CreateAndSetChildDomain (26ms)
	RebuildCommonClasses (33ms)
	RebuildNativeTypeToScriptingClass (11ms)
	initialDomainReloadingComplete (17ms)
	LoadAllAssembliesAndSetupDomain (12ms)
		LoadAssemblies (88ms)
		RebuildTransferFunctionScriptingTraits (0ms)
		AnalyzeDomain (9ms)
			TypeCache.Refresh (6ms)
				TypeCache.ScanAssembly (2ms)
			BuildScriptInfoCaches (1ms)
			ResolveRequiredComponents (0ms)
	FinalizeReload (330ms)
		ReleaseScriptCaches (0ms)
		RebuildScriptCaches (0ms)
		SetupLoadedEditorAssemblies (242ms)
			LogAssemblyErrors (0ms)
			InitializePlatformSupportModulesInManaged (2ms)
			SetLoadedEditorAssemblies (3ms)
			BeforeProcessingInitializeOnLoad (80ms)
			ProcessInitializeOnLoadAttributes (120ms)
			ProcessInitializeOnLoadMethodAttributes (32ms)
			AfterProcessingInitializeOnLoad (5ms)
			EditorAssembliesLoaded (0ms)
		ExecutionOrderSort2 (0ms)
		AwakeInstancesAfterBackupRestoration (6ms)
Launched and connected shader compiler UnityShaderCompiler.exe after 0.01 seconds
Refreshing native plugins compatible for Editor in 0.00 ms, found 0 plugins.
Preloading 0 native plugins for Editor in 0.00 ms.
Unloading 0 Unused Serialized files (Serialized files now loaded: 0)
Unloading 75 unused Assets / (28.5 KB). Loaded Objects now: 665.
Memory consumption went from 63.6 MB to 63.6 MB.
Total: 3.570000 ms (FindLiveObjects: 0.037000 ms CreateObjectMapping: 0.007400 ms MarkObjects: 3.458300 ms  DeleteObjects: 0.066100 ms)

========================================================================
Received Import Request.
  Time since last request: 13949.386858 seconds.
  path: Assets/CardFramework/Materials/Table.mat
  artifactKey: Guid(0b7f16afc6eee466794c2d1ed1ed8b0c) Importer(815301076,1909f56bfc062723c751e8b465ee728b)
Start importing Assets/CardFramework/Materials/Table.mat using Guid(0b7f16afc6eee466794c2d1ed1ed8b0c) Importer(815301076,1909f56bfc062723c751e8b465ee728b) (PreviewImporter) -> (artifact id: '71bea351784fb472d1f5d1e44e7e3b38') in 0.2354907 seconds
Number of updated asset objects reloaded before import = 0Number of asset objects unloaded after import = 1

========================================================================
Received Import Request.
  Time since last request: 1.252375 seconds.
  path: Assets/CardFramework/Scenes/Shuffle.unity
  artifactKey: Guid(52e9814997f4f4a4c80172145ca1dc46) Importer(815301076,1909f56bfc062723c751e8b465ee728b)
Start importing Assets/CardFramework/Scenes/Shuffle.unity using Guid(52e9814997f4f4a4c80172145ca1dc46) Importer(815301076,1909f56bfc062723c751e8b465ee728b) (PreviewImporter) -> (artifact id: '4f3c7619a7aa537b858da1946e93c003') in 0.0005708 seconds
Number of updated asset objects reloaded before import = 0Number of asset objects unloaded after import = 0

========================================================================
Received Import Request.
  Time since last request: 4.031837 seconds.
  path: Assets/CardFramework/Scenes/Shuffle
  artifactKey: Guid(dc29861746c24364cac926e96703452c) Importer(2089858483,b0f066a214c2f5e87bad3c948f4d605d)
Start importing Assets/CardFramework/Scenes/Shuffle using Guid(dc29861746c24364cac926e96703452c) Importer(2089858483,b0f066a214c2f5e87bad3c948f4d605d) (ScriptedImporter) -> (artifact id: 'fc9d61a97e44c91396ec72f9a8a2b9a5') in 0.0377824 seconds
Number of updated asset objects reloaded before import = 0Number of asset objects unloaded after import = 1

========================================================================
Received Import Request.
  Time since last request: 51.525425 seconds.
  path: Assets/CardFramework/Editor/PostProcessBuild.cs
  artifactKey: Guid(80c61697b4e1c4737a4bbb54f7a8383f) Importer(815301076,1909f56bfc062723c751e8b465ee728b)
Start importing Assets/CardFramework/Editor/PostProcessBuild.cs using Guid(80c61697b4e1c4737a4bbb54f7a8383f) Importer(815301076,1909f56bfc062723c751e8b465ee728b) (PreviewImporter) -> (artifact id: '642c942f9153fa112c37f3be12955dfa') in 0.0004968 seconds
Number of updated asset objects reloaded before import = 0Number of asset objects unloaded after import = 0

========================================================================
Received Import Request.
  Time since last request: 0.645518 seconds.
  path: Assets/CardFramework/Editor/AssetBundleBuild.cs
  artifactKey: Guid(01d688c05e0be48ddb4d8150060f0af9) Importer(815301076,1909f56bfc062723c751e8b465ee728b)
Start importing Assets/CardFramework/Editor/AssetBundleBuild.cs using Guid(01d688c05e0be48ddb4d8150060f0af9) Importer(815301076,1909f56bfc062723c751e8b465ee728b) (PreviewImporter) -> (artifact id: 'c75bdc54519145987657d3258ecf632f') in 0.0005031 seconds
Number of updated asset objects reloaded before import = 0Number of asset objects unloaded after import = 0

========================================================================
Received Import Request.
  Time since last request: 33.291809 seconds.
  path: Assets/CardFramework/Models/Card.fbx
  artifactKey: Guid(071bf2162efd0421fba3cbb46cd0f476) Importer(815301076,1909f56bfc062723c751e8b465ee728b)
Start importing Assets/CardFramework/Models/Card.fbx using Guid(071bf2162efd0421fba3cbb46cd0f476) Importer(815301076,1909f56bfc062723c751e8b465ee728b) (PreviewImporter) -> (artifact id: 'f58062bf1c7fb034ec3f1e72b45ce81f') in 0.1209394 seconds
Number of updated asset objects reloaded before import = 0Number of asset objects unloaded after import = 23

========================================================================
Received Import Request.
  Time since last request: 12.353718 seconds.
  path: Assets/CardFramework/Models/Materials
  artifactKey: Guid(690ea34685112469fbe6042ca2c3213c) Importer(815301076,1909f56bfc062723c751e8b465ee728b)
Start importing Assets/CardFramework/Models/Materials using Guid(690ea34685112469fbe6042ca2c3213c) Importer(815301076,1909f56bfc062723c751e8b465ee728b) (PreviewImporter) -> (artifact id: 'a8dc0dbd0decb4e2b81cd25c69d67c5f') in 0.0004708 seconds
Number of updated asset objects reloaded before import = 0Number of asset objects unloaded after import = 0

========================================================================
Received Import Request.
  Time since last request: 21.244375 seconds.
  path: Assets/CardFramework/Prefabs/Card.prefab
  artifactKey: Guid(7ee95d52f0ef749469ed5e50087c9d50) Importer(815301076,1909f56bfc062723c751e8b465ee728b)
Start importing Assets/CardFramework/Prefabs/Card.prefab using Guid(7ee95d52f0ef749469ed5e50087c9d50) Importer(815301076,1909f56bfc062723c751e8b465ee728b) (PreviewImporter) -> (artifact id: '35f9c29087b519c2d94d9361aec0a0a3') in 0.0188781 seconds
Number of updated asset objects reloaded before import = 0Number of asset objects unloaded after import = 18

========================================================================
Received Import Request.
  Time since last request: 12.941425 seconds.
  path: Assets/CardFramework/Scenes/Shuffle
  artifactKey: Guid(dc29861746c24364cac926e96703452c) Importer(815301076,1909f56bfc062723c751e8b465ee728b)
Start importing Assets/CardFramework/Scenes/Shuffle using Guid(dc29861746c24364cac926e96703452c) Importer(815301076,1909f56bfc062723c751e8b465ee728b) (PreviewImporter) -> (artifact id: '2f6587f599766fcb67e57039073fe491') in 0.0004366 seconds
Number of updated asset objects reloaded before import = 0Number of asset objects unloaded after import = 0

========================================================================
Received Import Request.
  Time since last request: 0.860909 seconds.
  path: Assets/CardFramework/Scenes/Shuffle/LightingData.asset
  artifactKey: Guid(b23e63c438b390446824e86a249aa29f) Importer(815301076,1909f56bfc062723c751e8b465ee728b)
Start importing Assets/CardFramework/Scenes/Shuffle/LightingData.asset using Guid(b23e63c438b390446824e86a249aa29f) Importer(815301076,1909f56bfc062723c751e8b465ee728b) (PreviewImporter) -> (artifact id: 'a042646f96658d5813c5e2dc50ca3adf') in 0.0009898 seconds
Number of updated asset objects reloaded before import = 0Number of asset objects unloaded after import = 2

========================================================================
Received Import Request.
  Time since last request: 5.973333 seconds.
  path: Assets/CardFramework/Scenes/Shuffle/LightingData.asset
  artifactKey: Guid(b23e63c438b390446824e86a249aa29f) Importer(2089858483,b0f066a214c2f5e87bad3c948f4d605d)
Start importing Assets/CardFramework/Scenes/Shuffle/LightingData.asset using Guid(b23e63c438b390446824e86a249aa29f) Importer(2089858483,b0f066a214c2f5e87bad3c948f4d605d) (ScriptedImporter) -> (artifact id: 'a2e18c87907c5b2613792757b8cd037d') in 0.0384282 seconds
Number of updated asset objects reloaded before import = 0Number of asset objects unloaded after import = 2

========================================================================
Received Import Request.
  Time since last request: 6.047918 seconds.
  path: Assets/CardFramework/Scripts/UI
  artifactKey: Guid(6749bf1e56828449f8731324944aafdc) Importer(815301076,1909f56bfc062723c751e8b465ee728b)
Start importing Assets/CardFramework/Scripts/UI using Guid(6749bf1e56828449f8731324944aafdc) Importer(815301076,1909f56bfc062723c751e8b465ee728b) (PreviewImporter) -> (artifact id: 'b42aa5ad3d2ebc91015f608ef1aad133') in 0.0004525 seconds
Number of updated asset objects reloaded before import = 0Number of asset objects unloaded after import = 0

========================================================================
Received Import Request.
  Time since last request: 12.823283 seconds.
  path: Assets/CardFramework/Scripts
  artifactKey: Guid(60bb8722bdb1f44449c833f39c755c98) Importer(815301076,1909f56bfc062723c751e8b465ee728b)
Start importing Assets/CardFramework/Scripts using Guid(60bb8722bdb1f44449c833f39c755c98) Importer(815301076,1909f56bfc062723c751e8b465ee728b) (PreviewImporter) -> (artifact id: '783c46ca65a7c25188c039eff871b1e1') in 0.0004683 seconds
Number of updated asset objects reloaded before import = 0Number of asset objects unloaded after import = 0

========================================================================
Received Import Request.
  Time since last request: 7.296374 seconds.
  path: Assets/CardFramework/Scripts/Singleton
  artifactKey: Guid(4608110a8b64d4f8e8a93ed7c47b472a) Importer(815301076,1909f56bfc062723c751e8b465ee728b)
Start importing Assets/CardFramework/Scripts/Singleton using Guid(4608110a8b64d4f8e8a93ed7c47b472a) Importer(815301076,1909f56bfc062723c751e8b465ee728b) (PreviewImporter) -> (artifact id: 'bdf90c52928c0fd5305b28d2d5110c23') in 0.0004616 seconds
Number of updated asset objects reloaded before import = 0Number of asset objects unloaded after import = 0

========================================================================
Received Import Request.
  Time since last request: 68.974351 seconds.
  path: Assets/CardFramework/Scripts/Component
  artifactKey: Guid(224876a5a4489435d8a0183aedb02106) Importer(815301076,1909f56bfc062723c751e8b465ee728b)
Start importing Assets/CardFramework/Scripts/Component using Guid(224876a5a4489435d8a0183aedb02106) Importer(815301076,1909f56bfc062723c751e8b465ee728b) (PreviewImporter) -> (artifact id: '7725cc2c9d17be5d6be25b46be065eab') in 0.0004752 seconds
Number of updated asset objects reloaded before import = 0Number of asset objects unloaded after import = 0

========================================================================
Received Import Request.
  Time since last request: 1.487491 seconds.
  path: Assets/CardFramework/Scripts/Component/Dealer.cs
  artifactKey: Guid(ef0e3cae5ec884c8285930e6ee9a60ea) Importer(815301076,1909f56bfc062723c751e8b465ee728b)
Start importing Assets/CardFramework/Scripts/Component/Dealer.cs using Guid(ef0e3cae5ec884c8285930e6ee9a60ea) Importer(815301076,1909f56bfc062723c751e8b465ee728b) (PreviewImporter) -> (artifact id: 'd9fa78fce7d78560e90534b55a33c099') in 0.0005229 seconds
Number of updated asset objects reloaded before import = 0Number of asset objects unloaded after import = 0

========================================================================
Received Import Request.
  Time since last request: 0.765655 seconds.
  path: Assets/CardFramework/Scripts/Component/CardSlot.cs
  artifactKey: Guid(8953befdb9d3c4a15b4e5370142a3fcc) Importer(815301076,1909f56bfc062723c751e8b465ee728b)
Start importing Assets/CardFramework/Scripts/Component/CardSlot.cs using Guid(8953befdb9d3c4a15b4e5370142a3fcc) Importer(815301076,1909f56bfc062723c751e8b465ee728b) (PreviewImporter) -> (artifact id: 'b1c567640c697d229c3f7baad0084249') in 0.0004824 seconds
Number of updated asset objects reloaded before import = 0Number of asset objects unloaded after import = 0

========================================================================
Received Import Request.
  Time since last request: 1.297608 seconds.
  path: Assets/CardFramework/Scripts/Component/CardDeck.cs
  artifactKey: Guid(1ddb248c4fc6e48e789596c7df022d03) Importer(815301076,1909f56bfc062723c751e8b465ee728b)
Start importing Assets/CardFramework/Scripts/Component/CardDeck.cs using Guid(1ddb248c4fc6e48e789596c7df022d03) Importer(815301076,1909f56bfc062723c751e8b465ee728b) (PreviewImporter) -> (artifact id: '1c019c34abc0df0ca4af7f20420680d8') in 0.0004977 seconds
Number of updated asset objects reloaded before import = 0Number of asset objects unloaded after import = 0

========================================================================
Received Import Request.
  Time since last request: 0.357973 seconds.
  path: Assets/CardFramework/Scripts/Component/Card.cs
  artifactKey: Guid(bad433c684df94e8ebdcb2ac245f2e7d) Importer(815301076,1909f56bfc062723c751e8b465ee728b)
Start importing Assets/CardFramework/Scripts/Component/Card.cs using Guid(bad433c684df94e8ebdcb2ac245f2e7d) Importer(815301076,1909f56bfc062723c751e8b465ee728b) (PreviewImporter) -> (artifact id: '9dd356133533b4482feab82cbda7a6a6') in 0.0004779 seconds
Number of updated asset objects reloaded before import = 0Number of asset objects unloaded after import = 0

========================================================================
Received Import Request.
  Time since last request: 3.437642 seconds.
  path: Assets/CardFramework/Scripts/Utility
  artifactKey: Guid(d59ecd17d46a0421b9344ea55237125f) Importer(815301076,1909f56bfc062723c751e8b465ee728b)
Start importing Assets/CardFramework/Scripts/Utility using Guid(d59ecd17d46a0421b9344ea55237125f) Importer(815301076,1909f56bfc062723c751e8b465ee728b) (PreviewImporter) -> (artifact id: '283539ed7bb9580950e39d43f4271ff7') in 0.0004817 seconds
Number of updated asset objects reloaded before import = 0Number of asset objects unloaded after import = 0

